1633159924170	geckodriver	INFO	Listening on 127.0.0.1:56150
1633159927167	mozrunner::runner	INFO	Running command: "C:\\Program Files\\Mozilla Firefox\\firefox.exe" "--marionette" "-no-remote" "-profile" "C:\\Users\\nhl0m\\AppData\\Local\\Temp\\rust_mozprofileypSZ3O"
1633159927646	Marionette	INFO	Marionette enabled
console.warn: SearchSettings: "get: No settings file exists, new profile?" (new NotFoundError("Could not open the file at C:\\Users\\nhl0m\\AppData\\Local\\Temp\\rust_mozprofileypSZ3O\\search.json.mozlz4", (void 0)))
1633159930748	Marionette	INFO	Listening on port 56158
1633159930898	RemoteAgent	WARN	TLS certificate errors will be ignored for this session
JavaScript warning: https://static.xx.fbcdn.net/rsrc.php/v3iMn54/yz/l/vi_VN/f0h0OfDnw6R.js?_nc_x=Ij3Wp8lg5Kz, line 20: WEBGL_debug_renderer_info is deprecated in Firefox and will be removed. Please use RENDERER.
1633160260872	Marionette	INFO	Stopped listening on port 56158
JavaScript error: resource:///modules/Interactions.jsm, line 230: NS_ERROR_FAILURE: Component returned failure code: 0x80004005 (NS_ERROR_FAILURE) [nsIUserIdleService.removeIdleObserver]
 "-profile" "C:\\Users\\nhl0m\\AppData\\Local\\Temp\\rust_mozprofileiKKfDx"
1633159952857	Marionette	INFO	Marionette enabled
console.warn: SearchSettings: "get: No settings file exists, new profile?" (new NotFoundError("Could not open the file at C:\\Users\\nhl0m\\AppData\\Local\\Temp\\rust_mozprofileiKKfDx\\search.json.mozlz4", (void 0)))
1633159955366	Marionette	INFO	Listening on port 56234
1633159955658	RemoteAgent	WARN	TLS certificate errors will be ignored for this session
JavaScript warning: https://static.xx.fbcdn.net/rsrc.php/v3iMn54/yz/l/vi_VN/f0h0OfDnw6R.js?_nc_x=Ij3Wp8lg5Kz, line 20: WEBGL_debug_renderer_info is deprecated in Firefox and will be removed. Please use RENDERER.
1633160002867	Marionette	INFO	Stopped listening on port 56234
JavaScript error: resource:///modules/Interactions.jsm, line 230: NS_ERROR_FAILURE: Component returned failure code: 0x80004005 (NS_ERROR_FAILURE) [nsIUserIdleService.removeIdleObserver]
1633160439568	geckodriver	INFO	Listening on 127.0.0.1:56597
1633160442600	mozrunner::runner	INFO	Running command: "C:\\Program Files\\Mozilla Firefox\\firefox.exe" "--marionette" "-no-remote" "-profile" "C:\\Users\\nhl0m\\AppData\\Local\\Temp\\rust_mozprofileiHACDR"
1633160443116	Marionette	INFO	Marionette enabled
console.warn: SearchSettings: "get: No settings file exists, new profile?" (new NotFoundError("Could not open the file at C:\\Users\\nhl0m\\AppData\\Local\\Temp\\rust_mozprofileiHACDR\\search.json.mozlz4", (void 0)))
1633160446168	Marionette	INFO	Listening on port 56611
1633160446329	RemoteAgent	WARN	TLS certificate errors will be ignored for this session
1633160452555	Marionette	INFO	Stopped listening on port 56611
JavaScript error: resource:///modules/Interactions.jsm, line 230: NS_ERROR_FAILURE: Component returned failure code: 0x80004005 (NS_ERROR_FAILURE) [nsIUserIdleService.removeIdleObserver]
JavaScript error: resource://gre/modules/UrlClassifierListManager.jsm, line 691: TypeError: this.tablesData[table] is undefined
1633160614840	geckodriver	INFO	Listening on 127.0.0.1:56679
1633160617860	mozrunner::runner	INFO	Running command: "C:\\Program Files\\Mozilla Firefox\\firefox.exe" "--marionette" "-no-remote" "-profile" "C:\\Users\\nhl0m\\AppData\\Local\\Temp\\rust_mozprofileDnl3su"
1633160618228	Marionette	INFO	Marionette enabled
console.warn: SearchSettings: "get: No settings file exists, new profile?" (new NotFoundError("Could not open the file at C:\\Users\\nhl0m\\AppData\\Local\\Temp\\rust_mozprofileDnl3su\\search.json.mozlz4", (void 0)))
1633160620790	Marionette	INFO	Listening on port 56687
1633160621062	RemoteAgent	WARN	TLS certificate errors will be ignored for this session
1633160658791	Marionette	INFO	Stopped listening on port 56687
JavaScript error: resource:///modules/Interactions.jsm, line 230: NS_ERROR_FAILURE: Component returned failure code: 0x80004005 (NS_ERROR_FAILURE) [nsIUserIdleService.removeIdleObserver]

###!!! [Child][RunMessage] Error: Channel closing: too late to send/recv, messages will be lost

1633160696604	geckodriver	INFO	Listening on 127.0.0.1:56753
1633160699610	mozrunner::runner	INFO	Running command: "C:\\Program Files\\Mozilla Firefox\\firefox.exe" "--marionette" "-no-remote" "-profile" "C:\\Users\\nhl0m\\AppData\\Local\\Temp\\rust_mozprofileCCmokk"
1633160700038	Marionette	INFO	Marionette enabled
console.warn: SearchSettings: "get: No settings file exists, new profile?" (new NotFoundError("Could not open the file at C:\\Users\\nhl0m\\AppData\\Local\\Temp\\rust_mozprofileCCmokk\\search.json.mozlz4", (void 0)))
1633160702846	Marionette	INFO	Listening on port 56762
1633160703293	RemoteAgent	WARN	TLS certificate errors will be ignored for this session
1633160717039	Marionette	INFO	Stopped listening on port 56762
JavaScript error: resource:///modules/Interactions.jsm, line 230: NS_ERROR_FAILURE: Component returned failure code: 0x80004005 (NS_ERROR_FAILURE) [nsIUserIdleService.removeIdleObserver]
1633160834033	geckodriver	INFO	Listening on 127.0.0.1:56837
1633160837094	mozrunner::runner	INFO	Running command: "C:\\Program Files\\Mozilla Firefox\\firefox.exe" "--marionette" "-no-remote" "-profile" "C:\\Users\\nhl0m\\AppData\\Local\\Temp\\rust_mozprofilevUaRnf"
1633160837469	Marionette	INFO	Marionette enabled
console.warn: SearchSettings: "get: No settings file exists, new profile?" (new NotFoundError("Could not open the file at C:\\Users\\nhl0m\\AppData\\Local\\Temp\\rust_mozprofilevUaRnf\\search.json.mozlz4", (void 0)))
1633160839750	Marionette	INFO	Listening on port 56845
1633160840276	RemoteAgent	WARN	TLS certificate errors will be ignored for this session
1633160862976	Marionette	INFO	Stopped listening on port 56845
JavaScript error: resource:///modules/Interactions.jsm, line 230: NS_ERROR_FAILURE: Component returned failure code: 0x80004005 (NS_ERROR_FAILURE) [nsIUserIdleService.removeIdleObserver]
1633160957739	geckodriver	INFO	Listening on 127.0.0.1:56922
1633160960764	mozrunner::runner	INFO	Running command: "C:\\Program Files\\Mozilla Firefox\\firefox.exe" "--marionette" "-no-remote" "-profile" "C:\\Users\\nhl0m\\AppData\\Local\\Temp\\rust_mozprofilet19Q4N"
1633160961134	Marionette	INFO	Marionette enabled
console.warn: SearchSettings: "get: No settings file exists, new profile?" (new NotFoundError("Could not open the file at C:\\Users\\nhl0m\\AppData\\Local\\Temp\\rust_mozprofilet19Q4N\\search.json.mozlz4", (void 0)))
1633160963658	Marionette	INFO	Listening on port 56930
1633160963964	RemoteAgent	WARN	TLS certificate errors will be ignored for this session
1633160964113	Marionette	WARN	Ignoring event 'pageshow' because document has an invalid readyState of 'uninitialized'.
1633160965951	Marionette	INFO	Stopped listening on port 56930
JavaScript error: resource:///modules/Interactions.jsm, line 230: NS_ERROR_FAILURE: Component returned failure code: 0x80004005 (NS_ERROR_FAILURE) [nsIUserIdleService.removeIdleObserver]
1633161007413	geckodriver	INFO	Listening on 127.0.0.1:56966
1633161010417	mozrunner::runner	INFO	Running command: "C:\\Program Files\\Mozilla Firefox\\firefox.exe" "--marionette" "-no-remote" "-profile" "C:\\Users\\nhl0m\\AppData\\Local\\Temp\\rust_mozprofileNArq4N"
1633161010781	Marionette	INFO	Marionette enabled
console.warn: SearchSettings: "get: No settings file exists, new profile?" (new NotFoundError("Could not open the file at C:\\Users\\nhl0m\\AppData\\Local\\Temp\\rust_mozprofileNArq4N\\search.json.mozlz4", (void 0)))
1633161013289	Marionette	INFO	Listening on port 56974
1633161013600	RemoteAgent	WARN	TLS certificate errors will be ignored for this session
1633161016375	Marionette	INFO	Stopped listening on port 56974
JavaScript error: resource:///modules/Interactions.jsm, line 230: NS_ERROR_FAILURE: Component returned failure code: 0x80004005 (NS_ERROR_FAILURE) [nsIUserIdleService.removeIdleObserver]
1633161169151	geckodriver	INFO	Listening on 127.0.0.1:57020
1633161172162	mozrunner::runner	INFO	Running command: "C:\\Program Files\\Mozilla Firefox\\firefox.exe" "--marionette" "-no-remote" "-profile" "C:\\Users\\nhl0m\\AppData\\Local\\Temp\\rust_mozprofileazYvZy"
1633161172545	Marionette	INFO	Marionette enabled
console.warn: SearchSettings: "get: No settings file exists, new profile?" (new NotFoundError("Could not open the file at C:\\Users\\nhl0m\\AppData\\Local\\Temp\\rust_mozprofileazYvZy\\search.json.mozlz4", (void 0)))
1633161175060	Marionette	INFO	Listening on port 57028
1633161175353	RemoteAgent	WARN	TLS certificate errors will be ignored for this session
1633161185069	Marionette	INFO	Stopped listening on port 57028
JavaScript error: resource:///modules/Interactions.jsm, line 230: NS_ERROR_FAILURE: Component returned failure code: 0x80004005 (NS_ERROR_FAILURE) [nsIUserIdleService.removeIdleObserver]
1633161208288	geckodriver	INFO	Listening on 127.0.0.1:57073
1633161211320	mozrunner::runner	INFO	Running command: "C:\\Program Files\\Mozilla Firefox\\firefox.exe" "--marionette" "-no-remote" "-profile" "C:\\Users\\nhl0m\\AppData\\Local\\Temp\\rust_mozprofile7THJ15"
1633161211699	Marionette	INFO	Marionette enabled
console.warn: SearchSettings: "get: No settings file exists, new profile?" (new NotFoundError("Could not open the file at C:\\Users\\nhl0m\\AppData\\Local\\Temp\\rust_mozprofile7THJ15\\search.json.mozlz4", (void 0)))
1633161214025	Marionette	INFO	Listening on port 57081
1633161214525	RemoteAgent	WARN	TLS certificate errors will be ignored for this session
1633161229331	Marionette	INFO	Stopped listening on port 57081
JavaScript error: resource:///modules/Interactions.jsm, line 230: NS_ERROR_FAILURE: Component returned failure code: 0x80004005 (NS_ERROR_FAILURE) [nsIUserIdleService.removeIdleObserver]
1633161262106	geckodriver	INFO	Listening on 127.0.0.1:57126
1633161265127	mozrunner::runner	INFO	Running command: "C:\\Program Files\\Mozilla Firefox\\firefox.exe" "--marionette" "-no-remote" "-profile" "C:\\Users\\nhl0m\\AppData\\Local\\Temp\\rust_mozprofileZG1EAU"
1633161265511	Marionette	INFO	Marionette enabled
console.warn: SearchSettings: "get: No settings file exists, new profile?" (new NotFoundError("Could not open the file at C:\\Users\\nhl0m\\AppData\\Local\\Temp\\rust_mozprofileZG1EAU\\search.json.mozlz4", (void 0)))
1633161268212	Marionette	INFO	Listening on port 57134
1633161268299	RemoteAgent	WARN	TLS certificate errors will be ignored for this session
1633161269121	Marionette	WARN	TimedPromise timed out after 500 ms: stacktrace:
TimedPromise/<@chrome://remote/content/marionette/sync.js:238:19
TimedPromise@chrome://remote/content/marionette/sync.js:223:10
interaction.flushEventLoop@chrome://remote/content/marionette/interaction.js:431:10
webdriverClickElement@chrome://remote/content/marionette/interaction.js:179:31
1633161274200	Marionette	INFO	Stopped listening on port 57134
JavaScript error: resource:///modules/Interactions.jsm, line 230: NS_ERROR_FAILURE: Component returned failure code: 0x80004005 (NS_ERROR_FAILURE) [nsIUserIdleService.removeIdleObserver]
[Parent 10084, IPC I/O Parent] WARNING: file /builds/worker/checkouts/gecko/ipc/chromium/src/base/process_util_win.cc:167
1633253143208	geckodriver	INFO	Listening on 127.0.0.1:52841
1633253146337	mozrunner::runner	INFO	Running command: "C:\\Program Files\\Mozilla Firefox\\firefox.exe" "--marionette" "-no-remote" "-profile" "C:\\Users\\nhl0m\\AppData\\Local\\Temp\\rust_mozprofileoLY568"
1633253147226	Marionette	INFO	Marionette enabled
console.warn: SearchSettings: "get: No settings file exists, new profile?" (new NotFoundError("Could not open the file at C:\\Users\\nhl0m\\AppData\\Local\\Temp\\rust_mozprofileoLY568\\search.json.mozlz4", (void 0)))
1633253151852	Marionette	INFO	Listening on port 52851
1633253152229	RemoteAgent	WARN	TLS certificate errors will be ignored for this session
1633253153310	Marionette	WARN	TimedPromise timed out after 500 ms: stacktrace:
TimedPromise/<@chrome://remote/content/marionette/sync.js:238:19
TimedPromise@chrome://remote/content/marionette/sync.js:223:10
interaction.flushEventLoop@chrome://remote/content/marionette/interaction.js:431:10
webdriverClickElement@chrome://remote/content/marionette/interaction.js:179:31
console.error: Region.jsm: "Error fetching region" (new Error("TIMEOUT", "resource://gre/modules/Region.jsm", 772))
console.error: Region.jsm: "Failed to fetch region" (new Error("TIMEOUT", "resource://gre/modules/Region.jsm", 419))
1633253197007	Marionette	INFO	Stopped listening on port 52851
JavaScript error: resource:///modules/Interactions.jsm, line 230: NS_ERROR_FAILURE: Component returned failure code: 0x80004005 (NS_ERROR_FAILURE) [nsIUserIdleService.removeIdleObserver]
1633351707570	geckodriver	INFO	Listening on 127.0.0.1:50697
1633351710640	mozrunner::runner	INFO	Running command: "C:\\Program Files\\Mozilla Firefox\\firefox.exe" "--marionette" "-no-remote" "-profile" "C:\\Users\\nhl0m\\AppData\\Local\\Temp\\rust_mozprofileoWWdl1"
1633351711286	Marionette	INFO	Marionette enabled
console.warn: SearchSettings: "get: No settings file exists, new profile?" (new NotFoundError("Could not open the file at C:\\Users\\nhl0m\\AppData\\Local\\Temp\\rust_mozprofileoWWdl1\\search.json.mozlz4", (void 0)))
1633351714089	Marionette	INFO	Listening on port 50705
1633351714489	RemoteAgent	WARN	TLS certificate errors will be ignored for this session
1633351779813	Marionette	INFO	Stopped listening on port 50705
JavaScript error: resource:///modules/Interactions.jsm, line 230: NS_ERROR_FAILURE: Component returned failure code: 0x80004005 (NS_ERROR_FAILURE) [nsIUserIdleService.removeIdleObserver]
zprofilem7GmbD"
1633351777544	Marionette	INFO	Marionette enabled
console.warn: SearchSettings: "get: No settings file exists, new profile?" (new NotFoundError("Could not open the file at C:\\Users\\nhl0m\\AppData\\Local\\Temp\\rust_mozprofilem7GmbD\\search.json.mozlz4", (void 0)))
1633351780659	Marionette	INFO	Listening on port 50793
1633351780856	RemoteAgent	WARN	TLS certificate errors will be ignored for this session
1633351781142	Marionette	INFO	Stopped listening on port 50793
JavaScript error: resource:///modules/Interactions.jsm, line 230: NS_ERROR_FAILURE: Component returned failure code: 0x80004005 (NS_ERROR_FAILURE) [nsIUserIdleService.removeIdleObserver]
1633352028930	geckodriver	INFO	Listening on 127.0.0.1:50898
1633352032013	mozrunner::runner	INFO	Running command: "C:\\Program Files\\Mozilla Firefox\\firefox.exe" "--marionette" "-no-remote" "-profile" "C:\\Users\\nhl0m\\AppData\\Local\\Temp\\rust_mozprofilew5QCwo"
1633352032409	Marionette	INFO	Marionette enabled
console.warn: SearchSettings: "get: No settings file exists, new profile?" (new NotFoundError("Could not open the file at C:\\Users\\nhl0m\\AppData\\Local\\Temp\\rust_mozprofilew5QCwo\\search.json.mozlz4", (void 0)))
1633352035021	Marionette	INFO	Listening on port 50906
1633352035301	Marionette	INFO	Stopped listening on port 50906
JavaScript error: resource:///modules/Interactions.jsm, line 230: NS_ERROR_FAILURE: Component returned failure code: 0x80004005 (NS_ERROR_FAILURE) [nsIUserIdleService.removeIdleObserver]
1633352268403	geckodriver	INFO	Listening on 127.0.0.1:51095
1633352271472	mozrunner::runner	INFO	Running command: "C:\\Program Files\\Mozilla Firefox\\firefox.exe" "--marionette" "-no-remote" "-profile" "C:\\Users\\nhl0m\\AppData\\Local\\Temp\\rust_mozprofilezfNjkk"
1633352271843	Marionette	INFO	Marionette enabled
console.warn: SearchSettings: "get: No settings file exists, new profile?" (new NotFoundError("Could not open the file at C:\\Users\\nhl0m\\AppData\\Local\\Temp\\rust_mozprofilezfNjkk\\search.json.mozlz4", (void 0)))
1633352274352	Marionette	INFO	Listening on port 51103
1633352274669	RemoteAgent	WARN	TLS certificate errors will be ignored for this session
1633352274957	Marionette	INFO	Stopped listening on port 51103
JavaScript error: resource:///modules/Interactions.jsm, line 230: NS_ERROR_FAILURE: Component returned failure code: 0x80004005 (NS_ERROR_FAILURE) [nsIUserIdleService.removeIdleObserver]

###!!! [Child][RunMessage] Error: Channel closing: too late to send/recv, messages will be lost

1633352321907	geckodriver	INFO	Listening on 127.0.0.1:51168
1633352324981	mozrunner::runner	INFO	Running command: "C:\\Program Files\\Mozilla Firefox\\firefox.exe" "--marionette" "-no-remote" "-profile" "C:\\Users\\nhl0m\\AppData\\Local\\Temp\\rust_mozprofileoYuOWe"
1633352325379	Marionette	INFO	Marionette enabled
console.warn: SearchSettings: "get: No settings file exists, new profile?" (new NotFoundError("Could not open the file at C:\\Users\\nhl0m\\AppData\\Local\\Temp\\rust_mozprofileoYuOWe\\search.json.mozlz4", (void 0)))
1633352327827	Marionette	INFO	Listening on port 51187
1633352328217	RemoteAgent	WARN	TLS certificate errors will be ignored for this session
1633352328502	Marionette	INFO	Stopped listening on port 51187
JavaScript error: resource:///modules/Interactions.jsm, line 230: NS_ERROR_FAILURE: Component returned failure code: 0x80004005 (NS_ERROR_FAILURE) [nsIUserIdleService.removeIdleObserver]
1633352340442	geckodriver	INFO	Listening on 127.0.0.1:51218
1633352343526	mozrunner::runner	INFO	Running command: "C:\\Program Files\\Mozilla Firefox\\firefox.exe" "--marionette" "-no-remote" "-profile" "C:\\Users\\nhl0m\\AppData\\Local\\Temp\\rust_mozprofilensriBy"
1633352343902	Marionette	INFO	Marionette enabled
console.warn: SearchSettings: "get: No settings file exists, new profile?" (new NotFoundError("Could not open the file at C:\\Users\\nhl0m\\AppData\\Local\\Temp\\rust_mozprofilensriBy\\search.json.mozlz4", (void 0)))
1633352346567	Marionette	INFO	Listening on port 51226
1633352346718	RemoteAgent	WARN	TLS certificate errors will be ignored for this session
1633352347061	Marionette	INFO	Stopped listening on port 51226
JavaScript error: resource:///modules/Interactions.jsm, line 230: NS_ERROR_FAILURE: Component returned failure code: 0x80004005 (NS_ERROR_FAILURE) [nsIUserIdleService.removeIdleObserver]

###!!! [Child][RunMessage] Error: Channel closing: too late to send/recv, messages will be lost

1633352358566	geckodriver	INFO	Listening on 127.0.0.1:51256
1633352361641	mozrunner::runner	INFO	Running command: "C:\\Program Files\\Mozilla Firefox\\firefox.exe" "--marionette" "-no-remote" "-profile" "C:\\Users\\nhl0m\\AppData\\Local\\Temp\\rust_mozprofileT8QCql"
1633352362022	Marionette	INFO	Marionette enabled
console.warn: SearchSettings: "get: No settings file exists, new profile?" (new NotFoundError("Could not open the file at C:\\Users\\nhl0m\\AppData\\Local\\Temp\\rust_mozprofileT8QCql\\search.json.mozlz4", (void 0)))
1633352364519	Marionette	INFO	Listening on port 51264
1633352364837	RemoteAgent	WARN	TLS certificate errors will be ignored for this session
1633352365202	Marionette	INFO	Stopped listening on port 51264
JavaScript error: resource:///modules/Interactions.jsm, line 230: NS_ERROR_FAILURE: Component returned failure code: 0x80004005 (NS_ERROR_FAILURE) [nsIUserIdleService.removeIdleObserver]

###!!! [Child][RunMessage] Error: Channel closing: too late to send/recv, messages will be lost

[Parent 6908, IPC I/O Parent] WARNING: pipe error: 232: file /builds/worker/checkouts/gecko/ipc/chromium/src/chrome/common/ipc_channel_win.cc:544
1633352574146	geckodriver	INFO	Listening on 127.0.0.1:51405
1633352577224	mozrunner::runner	INFO	Running command: "C:\\Program Files\\Mozilla Firefox\\firefox.exe" "--marionette" "-no-remote" "-profile" "C:\\Users\\nhl0m\\AppData\\Local\\Temp\\rust_mozprofileFHGBS3"
1633352577605	Marionette	INFO	Marionette enabled
console.warn: SearchSettings: "get: No settings file exists, new profile?" (new NotFoundError("Could not open the file at C:\\Users\\nhl0m\\AppData\\Local\\Temp\\rust_mozprofileFHGBS3\\search.json.mozlz4", (void 0)))
1633352580419	Marionette	INFO	Listening on port 51413
1633352580924	RemoteAgent	WARN	TLS certificate errors will be ignored for this session
JavaScript error: , line 0: NotFoundError: No such JSWindowActor 'MarionetteEvents'
1633352588307	Marionette	INFO	Stopped listening on port 51413
JavaScript error: resource:///modules/Interactions.jsm, line 230: NS_ERROR_FAILURE: Component returned failure code: 0x80004005 (NS_ERROR_FAILURE) [nsIUserIdleService.removeIdleObserver]
1633352620287	geckodriver	INFO	Listening on 127.0.0.1:51471
1633352623344	mozrunner::runner	INFO	Running command: "C:\\Program Files\\Mozilla Firefox\\firefox.exe" "--marionette" "-no-remote" "-profile" "C:\\Users\\nhl0m\\AppData\\Local\\Temp\\rust_mozprofileK9b2p6"
1633352623716	Marionette	INFO	Marionette enabled
console.warn: SearchSettings: "get: No settings file exists, new profile?" (new NotFoundError("Could not open the file at C:\\Users\\nhl0m\\AppData\\Local\\Temp\\rust_mozprofileK9b2p6\\search.json.mozlz4", (void 0)))
1633352626267	Marionette	INFO	Listening on port 51479
1633352626554	RemoteAgent	WARN	TLS certificate errors will be ignored for this session
1633352631530	Marionette	INFO	Stopped listening on port 51479
JavaScript error: resource:///modules/Interactions.jsm, line 230: NS_ERROR_FAILURE: Component returned failure code: 0x80004005 (NS_ERROR_FAILURE) [nsIUserIdleService.removeIdleObserver]
1633352645594	geckodriver	INFO	Listening on 127.0.0.1:51519
1633352648680	mozrunner::runner	INFO	Running command: "C:\\Program Files\\Mozilla Firefox\\firefox.exe" "--marionette" "-no-remote" "-profile" "C:\\Users\\nhl0m\\AppData\\Local\\Temp\\rust_mozprofilem6YAyL"
1633352649048	Marionette	INFO	Marionette enabled
console.warn: SearchSettings: "get: No settings file exists, new profile?" (new NotFoundError("Could not open the file at C:\\Users\\nhl0m\\AppData\\Local\\Temp\\rust_mozprofilem6YAyL\\search.json.mozlz4", (void 0)))
1633352651508	Marionette	INFO	Listening on port 51527
1633352651870	RemoteAgent	WARN	TLS certificate errors will be ignored for this session
1633352652257	Marionette	INFO	Stopped listening on port 51527
JavaScript error: resource://gre/modules/Prompter.jsm, line 1116: DataCloneError: The object could not be cloned.
JavaScript error: resource://gre/modules/Prompter.jsm, line 1116: AbortError: Actor 'Prompt' destroyed before query 'Prompt:Open' was resolved
JavaScript error: resource:///modules/Interactions.jsm, line 230: NS_ERROR_FAILURE: Component returned failure code: 0x80004005 (NS_ERROR_FAILURE) [nsIUserIdleService.removeIdleObserver]

###!!! [Child][RunMessage] Error: Channel closing: too late to send/recv, messages will be lost

1633352714887	geckodriver	INFO	Listening on 127.0.0.1:51572
1633352717926	mozrunner::runner	INFO	Running command: "C:\\Program Files\\Mozilla Firefox\\firefox.exe" "--marionette" "-no-remote" "-profile" "C:\\Users\\nhl0m\\AppData\\Local\\Temp\\rust_mozprofile0JWxb3"
1633352718302	Marionette	INFO	Marionette enabled
console.warn: SearchSettings: "get: No settings file exists, new profile?" (new NotFoundError("Could not open the file at C:\\Users\\nhl0m\\AppData\\Local\\Temp\\rust_mozprofile0JWxb3\\search.json.mozlz4", (void 0)))
1633352720966	Marionette	INFO	Listening on port 51580
1633352721119	RemoteAgent	WARN	TLS certificate errors will be ignored for this session
1633352721532	Marionette	INFO	Stopped listening on port 51580
JavaScript error: resource://gre/modules/Prompter.jsm, line 1116: DataCloneError: The object could not be cloned.
JavaScript error: resource://gre/modules/Prompter.jsm, line 1116: AbortError: Actor 'Prompt' destroyed before query 'Prompt:Open' was resolved
JavaScript error: resource:///modules/Interactions.jsm, line 230: NS_ERROR_FAILURE: Component returned failure code: 0x80004005 (NS_ERROR_FAILURE) [nsIUserIdleService.removeIdleObserver]
1633352772097	geckodriver	INFO	Listening on 127.0.0.1:51623
1633352775163	mozrunner::runner	INFO	Running command: "C:\\Program Files\\Mozilla Firefox\\firefox.exe" "--marionette" "-no-remote" "-profile" "C:\\Users\\nhl0m\\AppData\\Local\\Temp\\rust_mozprofilexsp9mF"
1633352775548	Marionette	INFO	Marionette enabled
console.warn: SearchSettings: "get: No settings file exists, new profile?" (new NotFoundError("Could not open the file at C:\\Users\\nhl0m\\AppData\\Local\\Temp\\rust_mozprofilexsp9mF\\search.json.mozlz4", (void 0)))
1633352778057	Marionette	INFO	Listening on port 51631
1633352778364	RemoteAgent	WARN	TLS certificate errors will be ignored for this session
1633352778772	Marionette	INFO	Stopped listening on port 51631
JavaScript error: resource://gre/modules/Prompter.jsm, line 1116: DataCloneError: The object could not be cloned.
JavaScript error: resource://gre/modules/Prompter.jsm, line 1116: AbortError: Actor 'Prompt' destroyed before query 'Prompt:Open' was resolved
JavaScript error: resource:///modules/Interactions.jsm, line 230: NS_ERROR_FAILURE: Component returned failure code: 0x80004005 (NS_ERROR_FAILURE) [nsIUserIdleService.removeIdleObserver]
1633352805042	geckodriver	INFO	Listening on 127.0.0.1:51682
1633352808084	mozrunner::runner	INFO	Running command: "C:\\Program Files\\Mozilla Firefox\\firefox.exe" "--marionette" "-no-remote" "-profile" "C:\\Users\\nhl0m\\AppData\\Local\\Temp\\rust_mozprofile1L2TBM"
1633352808466	Marionette	INFO	Marionette enabled
console.warn: SearchSettings: "get: No settings file exists, new profile?" (new NotFoundError("Could not open the file at C:\\Users\\nhl0m\\AppData\\Local\\Temp\\rust_mozprofile1L2TBM\\search.json.mozlz4", (void 0)))
1633352810967	Marionette	INFO	Listening on port 51690
1633352811313	RemoteAgent	WARN	TLS certificate errors will be ignored for this session
1633352811674	Marionette	INFO	Stopped listening on port 51690
JavaScript error: resource://gre/modules/Prompter.jsm, line 1116: DataCloneError: The object could not be cloned.
JavaScript error: resource://gre/modules/Prompter.jsm, line 1116: AbortError: Actor 'Prompt' destroyed before query 'Prompt:Open' was resolved
JavaScript error: resource:///modules/Interactions.jsm, line 230: NS_ERROR_FAILURE: Component returned failure code: 0x80004005 (NS_ERROR_FAILURE) [nsIUserIdleService.removeIdleObserver]
1633352906853	geckodriver	INFO	Listening on 127.0.0.1:51742
1633352909870	mozrunner::runner	INFO	Running command: "C:\\Program Files\\Mozilla Firefox\\firefox.exe" "--marionette" "-no-remote" "-profile" "C:\\Users\\nhl0m\\AppData\\Local\\Temp\\rust_mozprofileFtDaZw"
1633352910244	Marionette	INFO	Marionette enabled
console.warn: SearchSettings: "get: No settings file exists, new profile?" (new NotFoundError("Could not open the file at C:\\Users\\nhl0m\\AppData\\Local\\Temp\\rust_mozprofileFtDaZw\\search.json.mozlz4", (void 0)))
1633352912808	Marionette	INFO	Listening on port 51750
1633352913074	RemoteAgent	WARN	TLS certificate errors will be ignored for this session
1633352913472	Marionette	INFO	Stopped listening on port 51750
JavaScript error: resource://gre/modules/Prompter.jsm, line 1116: DataCloneError: The object could not be cloned.
JavaScript error: resource://gre/modules/Prompter.jsm, line 1116: AbortError: Actor 'Prompt' destroyed before query 'Prompt:Open' was resolved
JavaScript error: resource:///modules/Interactions.jsm, line 230: NS_ERROR_FAILURE: Component returned failure code: 0x80004005 (NS_ERROR_FAILURE) [nsIUserIdleService.removeIdleObserver]
1633352914278	geckodriver	INFO	Listening on 127.0.0.1:51778
1633352917326	mozrunner::runner	INFO	Running command: "C:\\Program Files\\Mozilla Firefox\\firefox.exe" "--marionette" "-no-remote" "-profile" "C:\\Users\\nhl0m\\AppData\\Local\\Temp\\rust_mozprofile5z7TTU"
1633352917697	Marionette	INFO	Marionette enabled
console.warn: SearchSettings: "get: No settings file exists, new profile?" (new NotFoundError("Could not open the file at C:\\Users\\nhl0m\\AppData\\Local\\Temp\\rust_mozprofile5z7TTU\\search.json.mozlz4", (void 0)))
1633352920033	Marionette	INFO	Listening on port 51786
1633352920528	RemoteAgent	WARN	TLS certificate errors will be ignored for this session
1633352920911	Marionette	INFO	Stopped listening on port 51786
JavaScript error: resource://gre/modules/Prompter.jsm, line 1116: DataCloneError: The object could not be cloned.
JavaScript error: resource://gre/modules/Prompter.jsm, line 1116: AbortError: Actor 'Prompt' destroyed before query 'Prompt:Open' was resolved
JavaScript error: resource:///modules/Interactions.jsm, line 230: NS_ERROR_FAILURE: Component returned failure code: 0x80004005 (NS_ERROR_FAILURE) [nsIUserIdleService.removeIdleObserver]

###!!! [Child][RunMessage] Error: Channel closing: too late to send/recv, messages will be lost

1633352921726	geckodriver	INFO	Listening on 127.0.0.1:51817
1633352924788	mozrunner::runner	INFO	Running command: "C:\\Program Files\\Mozilla Firefox\\firefox.exe" "--marionette" "-no-remote" "-profile" "C:\\Users\\nhl0m\\AppData\\Local\\Temp\\rust_mozprofileUgYONn"
1633352925154	Marionette	INFO	Marionette enabled
console.warn: SearchSettings: "get: No settings file exists, new profile?" (new NotFoundError("Could not open the file at C:\\Users\\nhl0m\\AppData\\Local\\Temp\\rust_mozprofileUgYONn\\search.json.mozlz4", (void 0)))
1633352927515	Marionette	INFO	Listening on port 51832
1633352927971	RemoteAgent	WARN	TLS certificate errors will be ignored for this session
1633352928394	Marionette	INFO	Stopped listening on port 51832
JavaScript error: resource://gre/modules/Prompter.jsm, line 1116: DataCloneError: The object could not be cloned.
JavaScript error: resource://gre/modules/Prompter.jsm, line 1116: AbortError: Actor 'Prompt' destroyed before query 'Prompt:Open' was resolved
JavaScript error: resource:///modules/Interactions.jsm, line 230: NS_ERROR_FAILURE: Component returned failure code: 0x80004005 (NS_ERROR_FAILURE) [nsIUserIdleService.removeIdleObserver]
[Parent 11212, IPC I/O Parent] WARNING: file /builds/worker/checkouts/gecko/ipc/chromium/src/base/process_util_win.cc:167
1633352929309	geckodriver	INFO	Listening on 127.0.0.1:51862
1633352932354	mozrunner::runner	INFO	Running command: "C:\\Program Files\\Mozilla Firefox\\firefox.exe" "--marionette" "-no-remote" "-profile" "C:\\Users\\nhl0m\\AppData\\Local\\Temp\\rust_mozprofile7uF39o"
1633352932739	Marionette	INFO	Marionette enabled
console.warn: SearchSettings: "get: No settings file exists, new profile?" (new NotFoundError("Could not open the file at C:\\Users\\nhl0m\\AppData\\Local\\Temp\\rust_mozprofile7uF39o\\search.json.mozlz4", (void 0)))
1633352935381	Marionette	INFO	Listening on port 51870
1633352935561	RemoteAgent	WARN	TLS certificate errors will be ignored for this session
1633352935989	Marionette	INFO	Stopped listening on port 51870
JavaScript error: resource://gre/modules/Prompter.jsm, line 1116: DataCloneError: The object could not be cloned.
JavaScript error: resource://gre/modules/Prompter.jsm, line 1116: AbortError: Actor 'Prompt' destroyed before query 'Prompt:Open' was resolved
JavaScript error: resource:///modules/Interactions.jsm, line 230: NS_ERROR_FAILURE: Component returned failure code: 0x80004005 (NS_ERROR_FAILURE) [nsIUserIdleService.removeIdleObserver]

###!!! [Child][RunMessage] Error: Channel closing: too late to send/recv, messages will be lost

1633353176415	geckodriver	INFO	Listening on 127.0.0.1:52067
1633353179458	mozrunner::runner	INFO	Running command: "C:\\Program Files\\Mozilla Firefox\\firefox.exe" "--marionette" "-no-remote" "-profile" "C:\\Users\\nhl0m\\AppData\\Local\\Temp\\rust_mozprofilefJHjuy"
1633353179890	Marionette	INFO	Marionette enabled
console.warn: SearchSettings: "get: No settings file exists, new profile?" (new NotFoundError("Could not open the file at C:\\Users\\nhl0m\\AppData\\Local\\Temp\\rust_mozprofilefJHjuy\\search.json.mozlz4", (void 0)))
1633353182614	Marionette	INFO	Listening on port 52075
1633353182652	RemoteAgent	WARN	TLS certificate errors will be ignored for this session
1633353183150	Marionette	INFO	Stopped listening on port 52075
JavaScript error: resource://gre/modules/Prompter.jsm, line 1116: DataCloneError: The object could not be cloned.
JavaScript error: resource://gre/modules/Prompter.jsm, line 1116: AbortError: Actor 'Prompt' destroyed before query 'Prompt:Open' was resolved
JavaScript error: resource:///modules/Interactions.jsm, line 230: NS_ERROR_FAILURE: Component returned failure code: 0x80004005 (NS_ERROR_FAILURE) [nsIUserIdleService.removeIdleObserver]
1633353184121	geckodriver	INFO	Listening on 127.0.0.1:52104
1633353187156	mozrunner::runner	INFO	Running command: "C:\\Program Files\\Mozilla Firefox\\firefox.exe" "--marionette" "-no-remote" "-profile" "C:\\Users\\nhl0m\\AppData\\Local\\Temp\\rust_mozprofileC8SLTE"
1633353187586	Marionette	INFO	Marionette enabled
console.warn: SearchSettings: "get: No settings file exists, new profile?" (new NotFoundError("Could not open the file at C:\\Users\\nhl0m\\AppData\\Local\\Temp\\rust_mozprofileC8SLTE\\search.json.mozlz4", (void 0)))
1633353190381	Marionette	INFO	Listening on port 52112
1633353190851	RemoteAgent	WARN	TLS certificate errors will be ignored for this session
1633353191243	Marionette	INFO	Stopped listening on port 52112
JavaScript error: resource://gre/modules/Prompter.jsm, line 1116: DataCloneError: The object could not be cloned.
JavaScript error: resource://gre/modules/Prompter.jsm, line 1116: AbortError: Actor 'Prompt' destroyed before query 'Prompt:Open' was resolved
JavaScript error: resource:///modules/Interactions.jsm, line 230: NS_ERROR_FAILURE: Component returned failure code: 0x80004005 (NS_ERROR_FAILURE) [nsIUserIdleService.removeIdleObserver]

###!!! [Child][RunMessage] Error: Channel closing: too late to send/recv, messages will be lost

1633353192221	geckodriver	INFO	Listening on 127.0.0.1:52142
1633353195252	mozrunner::runner	INFO	Running command: "C:\\Program Files\\Mozilla Firefox\\firefox.exe" "--marionette" "-no-remote" "-profile" "C:\\Users\\nhl0m\\AppData\\Local\\Temp\\rust_mozprofileJYdinZ"
1633353195673	Marionette	INFO	Marionette enabled
console.warn: SearchSettings: "get: No settings file exists, new profile?" (new NotFoundError("Could not open the file at C:\\Users\\nhl0m\\AppData\\Local\\Temp\\rust_mozprofileJYdinZ\\search.json.mozlz4", (void 0)))
1633353198458	Marionette	INFO	Listening on port 52150
1633353198972	RemoteAgent	WARN	TLS certificate errors will be ignored for this session
1633353199383	Marionette	INFO	Stopped listening on port 52150
JavaScript error: resource://gre/modules/Prompter.jsm, line 1116: DataCloneError: The object could not be cloned.
JavaScript error: resource://gre/modules/Prompter.jsm, line 1116: AbortError: Actor 'Prompt' destroyed before query 'Prompt:Open' was resolved
JavaScript error: resource:///modules/Interactions.jsm, line 230: NS_ERROR_FAILURE: Component returned failure code: 0x80004005 (NS_ERROR_FAILURE) [nsIUserIdleService.removeIdleObserver]

###!!! [Child][RunMessage] Error: Channel closing: too late to send/recv, messages will be lost

1633353200340	geckodriver	INFO	Listening on 127.0.0.1:52180
1633353203379	mozrunner::runner	INFO	Running command: "C:\\Program Files\\Mozilla Firefox\\firefox.exe" "--marionette" "-no-remote" "-profile" "C:\\Users\\nhl0m\\AppData\\Local\\Temp\\rust_mozprofile92Vdy4"
1633353203800	Marionette	INFO	Marionette enabled
console.warn: SearchSettings: "get: No settings file exists, new profile?" (new NotFoundError("Could not open the file at C:\\Users\\nhl0m\\AppData\\Local\\Temp\\rust_mozprofile92Vdy4\\search.json.mozlz4", (void 0)))
1633353206584	Marionette	INFO	Listening on port 52188
1633353207077	RemoteAgent	WARN	TLS certificate errors will be ignored for this session
1633353207474	Marionette	INFO	Stopped listening on port 52188
JavaScript error: resource://gre/modules/Prompter.jsm, line 1116: DataCloneError: The object could not be cloned.
JavaScript error: resource://gre/modules/Prompter.jsm, line 1116: AbortError: Actor 'Prompt' destroyed before query 'Prompt:Open' was resolved
JavaScript error: resource:///modules/Interactions.jsm, line 230: NS_ERROR_FAILURE: Component returned failure code: 0x80004005 (NS_ERROR_FAILURE) [nsIUserIdleService.removeIdleObserver]
[Parent 4248, IPC I/O Parent] WARNING: file /builds/worker/checkouts/gecko/ipc/chromium/src/base/process_util_win.cc:167
1633353288568	geckodriver	INFO	Listening on 127.0.0.1:52223
1633353291623	mozrunner::runner	INFO	Running command: "C:\\Program Files\\Mozilla Firefox\\firefox.exe" "--marionette" "-no-remote" "-profile" "C:\\Users\\nhl0m\\AppData\\Local\\Temp\\rust_mozprofilewHvBF3"
1633353292050	Marionette	INFO	Marionette enabled
console.warn: SearchSettings: "get: No settings file exists, new profile?" (new NotFoundError("Could not open the file at C:\\Users\\nhl0m\\AppData\\Local\\Temp\\rust_mozprofilewHvBF3\\search.json.mozlz4", (void 0)))
1633353295170	Marionette	INFO	Listening on port 52231
1633353295327	RemoteAgent	WARN	TLS certificate errors will be ignored for this session
1633353295853	Marionette	INFO	Stopped listening on port 52231
JavaScript error: resource://gre/modules/AsyncShutdown.jsm, line 575: NotFoundError: No such JSWindowActor 'MarionetteEvents'
JavaScript error: resource:///modules/Interactions.jsm, line 230: NS_ERROR_FAILURE: Component returned failure code: 0x80004005 (NS_ERROR_FAILURE) [nsIUserIdleService.removeIdleObserver]
1633353296694	geckodriver	INFO	Listening on 127.0.0.1:52261
1633353299763	mozrunner::runner	INFO	Running command: "C:\\Program Files\\Mozilla Firefox\\firefox.exe" "--marionette" "-no-remote" "-profile" "C:\\Users\\nhl0m\\AppData\\Local\\Temp\\rust_mozprofiledPABeM"
1633353300209	Marionette	INFO	Marionette enabled
console.warn: SearchSettings: "get: No settings file exists, new profile?" (new NotFoundError("Could not open the file at C:\\Users\\nhl0m\\AppData\\Local\\Temp\\rust_mozprofiledPABeM\\search.json.mozlz4", (void 0)))
1633353303034	Marionette	INFO	Listening on port 52269
1633353303488	RemoteAgent	WARN	TLS certificate errors will be ignored for this session
1633353303904	Marionette	INFO	Stopped listening on port 52269
JavaScript error: resource://gre/modules/AsyncShutdown.jsm, line 575: NotFoundError: No such JSWindowActor 'MarionetteCommands'
JavaScript error: resource://gre/modules/AsyncShutdown.jsm, line 575: NotFoundError: No such JSWindowActor 'MarionetteEvents'
JavaScript error: resource:///modules/Interactions.jsm, line 230: NS_ERROR_FAILURE: Component returned failure code: 0x80004005 (NS_ERROR_FAILURE) [nsIUserIdleService.removeIdleObserver]
1633353304774	geckodriver	INFO	Listening on 127.0.0.1:52298
1633353307824	mozrunner::runner	INFO	Running command: "C:\\Program Files\\Mozilla Firefox\\firefox.exe" "--marionette" "-no-remote" "-profile" "C:\\Users\\nhl0m\\AppData\\Local\\Temp\\rust_mozprofile0aQJsi"
1633353308263	Marionette	INFO	Marionette enabled
console.warn: SearchSettings: "get: No settings file exists, new profile?" (new NotFoundError("Could not open the file at C:\\Users\\nhl0m\\AppData\\Local\\Temp\\rust_mozprofile0aQJsi\\search.json.mozlz4", (void 0)))
1633353311175	Marionette	INFO	Listening on port 52306
1633353311524	RemoteAgent	WARN	TLS certificate errors will be ignored for this session
1633353311956	Marionette	INFO	Stopped listening on port 52306
JavaScript error: resource://gre/modules/AsyncShutdown.jsm, line 575: NotFoundError: No such JSWindowActor 'MarionetteEvents'
JavaScript error: resource:///modules/Interactions.jsm, line 230: NS_ERROR_FAILURE: Component returned failure code: 0x80004005 (NS_ERROR_FAILURE) [nsIUserIdleService.removeIdleObserver]
[Parent 9072, IPC I/O Parent] WARNING: file /builds/worker/checkouts/gecko/ipc/chromium/src/base/process_util_win.cc:167

###!!! [Child][RunMessage] Error: Channel closing: too late to send/recv, messages will be lost

1633353312808	geckodriver	INFO	Listening on 127.0.0.1:52336
1633353315845	mozrunner::runner	INFO	Running command: "C:\\Program Files\\Mozilla Firefox\\firefox.exe" "--marionette" "-no-remote" "-profile" "C:\\Users\\nhl0m\\AppData\\Local\\Temp\\rust_mozprofileI2axug"
1633353316454	Marionette	INFO	Marionette enabled
console.warn: SearchSettings: "get: No settings file exists, new profile?" (new NotFoundError("Could not open the file at C:\\Users\\nhl0m\\AppData\\Local\\Temp\\rust_mozprofileI2axug\\search.json.mozlz4", (void 0)))
1633353319250	Marionette	INFO	Listening on port 52344
1633353319536	RemoteAgent	WARN	TLS certificate errors will be ignored for this session
1633353320009	Marionette	INFO	Stopped listening on port 52344
JavaScript error: resource:///modules/Interactions.jsm, line 230: NS_ERROR_FAILURE: Component returned failure code: 0x80004005 (NS_ERROR_FAILURE) [nsIUserIdleService.removeIdleObserver]
1633353373225	geckodriver	INFO	Listening on 127.0.0.1:52378
1633353376280	mozrunner::runner	INFO	Running command: "C:\\Program Files\\Mozilla Firefox\\firefox.exe" "--marionette" "-no-remote" "-profile" "C:\\Users\\nhl0m\\AppData\\Local\\Temp\\rust_mozprofile18LQC5"
1633353376724	Marionette	INFO	Marionette enabled
console.warn: SearchSettings: "get: No settings file exists, new profile?" (new NotFoundError("Could not open the file at C:\\Users\\nhl0m\\AppData\\Local\\Temp\\rust_mozprofile18LQC5\\search.json.mozlz4", (void 0)))
1633353379795	Marionette	INFO	Listening on port 52386
1633353379979	RemoteAgent	WARN	TLS certificate errors will be ignored for this session
1633353380511	Marionette	INFO	Stopped listening on port 52386
JavaScript error: resource://gre/modules/Prompter.jsm, line 1116: DataCloneError: The object could not be cloned.
JavaScript error: resource://gre/modules/Prompter.jsm, line 1116: AbortError: Actor 'Prompt' destroyed before query 'Prompt:Open' was resolved
JavaScript error: resource:///modules/Interactions.jsm, line 230: NS_ERROR_FAILURE: Component returned failure code: 0x80004005 (NS_ERROR_FAILURE) [nsIUserIdleService.removeIdleObserver]
console.error: Region.jsm: "Error fetching region" (new TypeError("NetworkError when attempting to fetch resource.", ""))
console.error: Region.jsm: "Failed to fetch region" (new Error("NO_RESULT", "resource://gre/modules/Region.jsm", 419))
console.error: services.settings: 
  main/query-stripping Signature failed  TypeError: NetworkError when attempting to fetch resource.
1633353381733	geckodriver	INFO	Listening on 127.0.0.1:52417
1633353384766	mozrunner::runner	INFO	Running command: "C:\\Program Files\\Mozilla Firefox\\firefox.exe" "--marionette" "-no-remote" "-profile" "C:\\Users\\nhl0m\\AppData\\Local\\Temp\\rust_mozprofileNJTaw3"
1633353385183	Marionette	INFO	Marionette enabled
console.warn: SearchSettings: "get: No settings file exists, new profile?" (new NotFoundError("Could not open the file at C:\\Users\\nhl0m\\AppData\\Local\\Temp\\rust_mozprofileNJTaw3\\search.json.mozlz4", (void 0)))
1633353388501	Marionette	INFO	Listening on port 52425
1633353388991	RemoteAgent	WARN	TLS certificate errors will be ignored for this session
1633353389537	Marionette	INFO	Stopped listening on port 52425
JavaScript error: resource://gre/modules/Prompter.jsm, line 1116: DataCloneError: The object could not be cloned.
JavaScript error: resource://gre/modules/Prompter.jsm, line 1116: AbortError: Actor 'Prompt' destroyed before query 'Prompt:Open' was resolved
JavaScript error: resource:///modules/Interactions.jsm, line 230: NS_ERROR_FAILURE: Component returned failure code: 0x80004005 (NS_ERROR_FAILURE) [nsIUserIdleService.removeIdleObserver]
1633353390673	geckodriver	INFO	Listening on 127.0.0.1:52460
1633353393727	mozrunner::runner	INFO	Running command: "C:\\Program Files\\Mozilla Firefox\\firefox.exe" "--marionette" "-no-remote" "-profile" "C:\\Users\\nhl0m\\AppData\\Local\\Temp\\rust_mozprofilemwitLg"
1633353394133	Marionette	INFO	Marionette enabled
console.warn: SearchSettings: "get: No settings file exists, new profile?" (new NotFoundError("Could not open the file at C:\\Users\\nhl0m\\AppData\\Local\\Temp\\rust_mozprofilemwitLg\\search.json.mozlz4", (void 0)))
1633353396875	Marionette	INFO	Listening on port 52468
1633353396927	RemoteAgent	WARN	TLS certificate errors will be ignored for this session
1633353397457	Marionette	INFO	Stopped listening on port 52468
JavaScript error: resource://gre/modules/Prompter.jsm, line 1116: DataCloneError: The object could not be cloned.
JavaScript error: resource://gre/modules/Prompter.jsm, line 1116: AbortError: Actor 'Prompt' destroyed before query 'Prompt:Open' was resolved
JavaScript error: resource:///modules/Interactions.jsm, line 230: NS_ERROR_FAILURE: Component returned failure code: 0x80004005 (NS_ERROR_FAILURE) [nsIUserIdleService.removeIdleObserver]
1633353398730	geckodriver	INFO	Listening on 127.0.0.1:52497
1633353401779	mozrunner::runner	INFO	Running command: "C:\\Program Files\\Mozilla Firefox\\firefox.exe" "--marionette" "-no-remote" "-profile" "C:\\Users\\nhl0m\\AppData\\Local\\Temp\\rust_mozprofileqaxJJ7"
1633353402244	Marionette	INFO	Marionette enabled
console.warn: SearchSettings: "get: No settings file exists, new profile?" (new NotFoundError("Could not open the file at C:\\Users\\nhl0m\\AppData\\Local\\Temp\\rust_mozprofileqaxJJ7\\search.json.mozlz4", (void 0)))
1633353405249	Marionette	INFO	Listening on port 52505
1633353405488	RemoteAgent	WARN	TLS certificate errors will be ignored for this session
1633353406023	Marionette	INFO	Stopped listening on port 52505
JavaScript error: resource://gre/modules/Prompter.jsm, line 1116: DataCloneError: The object could not be cloned.
JavaScript error: resource://gre/modules/Prompter.jsm, line 1116: AbortError: Actor 'Prompt' destroyed before query 'Prompt:Open' was resolved
JavaScript error: resource:///modules/Interactions.jsm, line 230: NS_ERROR_FAILURE: Component returned failure code: 0x80004005 (NS_ERROR_FAILURE) [nsIUserIdleService.removeIdleObserver]

###!!! [Child][RunMessage] Error: Channel closing: too late to send/recv, messages will be lost

1633510910126	geckodriver	INFO	Listening on 127.0.0.1:57394
1633510913176	mozrunner::runner	INFO	Running command: "C:\\Program Files\\Mozilla Firefox\\firefox.exe" "--marionette" "-no-remote" "-profile" "C:\\Users\\nhl0m\\AppData\\Local\\Temp\\rust_mozprofileLrqeDQ"
1633510913903	Marionette	INFO	Marionette enabled
console.warn: SearchSettings: "get: No settings file exists, new profile?" (new NotFoundError("Could not open the file at C:\\Users\\nhl0m\\AppData\\Local\\Temp\\rust_mozprofileLrqeDQ\\search.json.mozlz4", (void 0)))
1633510917745	Marionette	INFO	Listening on port 57402
1633510918187	RemoteAgent	WARN	TLS certificate errors will be ignored for this session
JavaScript warning: https://static.xx.fbcdn.net/rsrc.php/v3iMn54/yz/l/vi_VN/f0h0OfDnw6R.js?_nc_x=Ij3Wp8lg5Kz, line 20: WEBGL_debug_renderer_info is deprecated in Firefox and will be removed. Please use RENDERER.
1633510926452	Marionette	INFO	Stopped listening on port 57402
JavaScript error: resource:///modules/Interactions.jsm, line 230: NS_ERROR_FAILURE: Component returned failure code: 0x80004005 (NS_ERROR_FAILURE) [nsIUserIdleService.removeIdleObserver]

###!!! [Parent][MessageChannel] Error: (msgtype=0x390077,name=PContent::Msg_DestroyBrowsingContextGroup) Closed channel: cannot send/recv

1633510927783	geckodriver	INFO	Listening on 127.0.0.1:57460
1633510930814	mozrunner::runner	INFO	Running command: "C:\\Program Files\\Mozilla Firefox\\firefox.exe" "--marionette" "-no-remote" "-profile" "C:\\Users\\nhl0m\\AppData\\Local\\Temp\\rust_mozprofileYZ9hFF"
1633510931712	Marionette	INFO	Marionette enabled
console.warn: SearchSettings: "get: No settings file exists, new profile?" (new NotFoundError("Could not open the file at C:\\Users\\nhl0m\\AppData\\Local\\Temp\\rust_mozprofileYZ9hFF\\search.json.mozlz4", (void 0)))
1633510935131	Marionette	INFO	Listening on port 57471
1633510935192	RemoteAgent	WARN	TLS certificate errors will be ignored for this session
1633510935937	Marionette	INFO	Stopped listening on port 57471
JavaScript error: resource://gre/modules/Prompter.jsm, line 1116: DataCloneError: The object could not be cloned.
JavaScript error: resource://gre/modules/Prompter.jsm, line 1116: AbortError: Actor 'Prompt' destroyed before query 'Prompt:Open' was resolved
JavaScript error: resource:///modules/Interactions.jsm, line 230: NS_ERROR_FAILURE: Component returned failure code: 0x80004005 (NS_ERROR_FAILURE) [nsIUserIdleService.removeIdleObserver]
console.error: Region.jsm: "Error fetching region" (new TypeError("NetworkError when attempting to fetch resource.", ""))
console.error: Region.jsm: "Failed to fetch region" (new Error("NO_RESULT", "resource://gre/modules/Region.jsm", 419))
1633510938204	geckodriver	INFO	Listening on 127.0.0.1:57504
1633510941239	mozrunner::runner	INFO	Running command: "C:\\Program Files\\Mozilla Firefox\\firefox.exe" "--marionette" "-no-remote" "-profile" "C:\\Users\\nhl0m\\AppData\\Local\\Temp\\rust_mozprofileJqK57y"
1633510941857	Marionette	INFO	Marionette enabled
console.warn: SearchSettings: "get: No settings file exists, new profile?" (new NotFoundError("Could not open the file at C:\\Users\\nhl0m\\AppData\\Local\\Temp\\rust_mozprofileJqK57y\\search.json.mozlz4", (void 0)))
1633510945129	Marionette	INFO	Listening on port 57514
1633510945560	RemoteAgent	WARN	TLS certificate errors will be ignored for this session
1633510946438	Marionette	INFO	Stopped listening on port 57514
1633510946803	Marionette	WARN	TimedPromise timed out after 500 ms: stacktrace:
TimedPromise/<@chrome://remote/content/marionette/sync.js:238:19
TimedPromise@chrome://remote/content/marionette/sync.js:223:10
interaction.flushEventLoop@chrome://remote/content/marionette/interaction.js:431:10
webdriverClickElement@chrome://remote/content/marionette/interaction.js:179:31
JavaScript error: resource://gre/modules/Prompter.jsm, line 1116: DataCloneError: The object could not be cloned.
JavaScript error: resource://gre/modules/Prompter.jsm, line 1116: AbortError: Actor 'Prompt' destroyed before query 'Prompt:Open' was resolved
JavaScript error: resource:///modules/Interactions.jsm, line 230: NS_ERROR_FAILURE: Component returned failure code: 0x80004005 (NS_ERROR_FAILURE) [nsIUserIdleService.removeIdleObserver]
console.error: Region.jsm: "Error fetching region" (new TypeError("NetworkError when attempting to fetch resource.", ""))
console.error: Region.jsm: "Failed to fetch region" (new Error("NO_RESULT", "resource://gre/modules/Region.jsm", 419))

###!!! [Child][RunMessage] Error: Channel closing: too late to send/recv, messages will be lost

1633510947602	geckodriver	INFO	Listening on 127.0.0.1:57547
1633510950635	mozrunner::runner	INFO	Running command: "C:\\Program Files\\Mozilla Firefox\\firefox.exe" "--marionette" "-no-remote" "-profile" "C:\\Users\\nhl0m\\AppData\\Local\\Temp\\rust_mozprofilesg77RD"
1633510951318	Marionette	INFO	Marionette enabled
console.warn: SearchSettings: "get: No settings file exists, new profile?" (new NotFoundError("Could not open the file at C:\\Users\\nhl0m\\AppData\\Local\\Temp\\rust_mozprofilesg77RD\\search.json.mozlz4", (void 0)))
1633510955935	Marionette	INFO	Listening on port 57555
1633510956042	RemoteAgent	WARN	TLS certificate errors will be ignored for this session
1633510956977	Marionette	INFO	Stopped listening on port 57555
JavaScript error: resource://gre/modules/Prompter.jsm, line 1116: DataCloneError: The object could not be cloned.
JavaScript error: resource://gre/modules/Prompter.jsm, line 1116: AbortError: Actor 'Prompt' destroyed before query 'Prompt:Open' was resolved
JavaScript error: resource:///modules/Interactions.jsm, line 230: NS_ERROR_FAILURE: Component returned failure code: 0x80004005 (NS_ERROR_FAILURE) [nsIUserIdleService.removeIdleObserver]

###!!! [Parent][RunMessage] Error: Channel closing: too late to send/recv, messages will be lost

1633510958053	geckodriver	INFO	Listening on 127.0.0.1:57590
1633510961101	mozrunner::runner	INFO	Running command: "C:\\Program Files\\Mozilla Firefox\\firefox.exe" "--marionette" "-no-remote" "-profile" "C:\\Users\\nhl0m\\AppData\\Local\\Temp\\rust_mozprofile3wGsNT"
1633510961643	Marionette	INFO	Marionette enabled
console.warn: SearchSettings: "get: No settings file exists, new profile?" (new NotFoundError("Could not open the file at C:\\Users\\nhl0m\\AppData\\Local\\Temp\\rust_mozprofile3wGsNT\\search.json.mozlz4", (void 0)))
1633510964570	Marionette	INFO	Listening on port 57598
1633510964853	RemoteAgent	WARN	TLS certificate errors will be ignored for this session
1633510965539	Marionette	INFO	Stopped listening on port 57598
JavaScript error: resource://gre/modules/Prompter.jsm, line 1116: DataCloneError: The object could not be cloned.
JavaScript error: resource://gre/modules/Prompter.jsm, line 1116: AbortError: Actor 'Prompt' destroyed before query 'Prompt:Open' was resolved
JavaScript error: resource:///modules/Interactions.jsm, line 230: NS_ERROR_FAILURE: Component returned failure code: 0x80004005 (NS_ERROR_FAILURE) [nsIUserIdleService.removeIdleObserver]
